Logfile initialized
[INFO] logfile = /Users/danielvilha/Documents/Titanium_Studio_Workspace/Manoel Bernardes Mobile Android/build.log
[DEBUG] /Users/danielvilha/Library/Application Support/Titanium/mobilesdk/osx/3.1.0.GA/android/builder.py install Manoel Bernardes Mobile /Users/danielvilha/android_sdk /Users/danielvilha/Documents/Titanium_Studio_Workspace/Manoel Bernardes Mobile Android com.megamidia.RadioManoelBernardesAndroid 2
[INFO] Titanium SDK version: 3.1.0 (04/15/13 18:45 57634ef)
[DEBUG] Waiting for device to be ready ...
[TRACE] adb devices returned 1 devices/emulators
[DEBUG] Device connected... (waited 0 seconds)
[DEBUG] waited 3.445338 seconds on emulator to get ready
[INFO] Waiting for the Android Emulator to become available
[DEBUG] com.megamidia.RadioManoelBernardesAndroid installed? False
[INFO] Copying CommonJS modules...
[INFO] Copying project resources..
[INFO] Detected change in tiapp.xml, or assets deleted. Forcing full re-build...
[TRACE] COPYING CREATED FILE: /Users/danielvilha/Documents/Titanium_Studio_Workspace/Manoel Bernardes Mobile Android/Resources/android/appicon.png => /Users/danielvilha/Documents/Titanium_Studio_Workspace/Manoel Bernardes Mobile Android/build/android/bin/assets/Resources/appicon.png
[TRACE] COPYING CREATED FILE: /Users/danielvilha/Documents/Titanium_Studio_Workspace/Manoel Bernardes Mobile Android/Resources/android/Default.png => /Users/danielvilha/Documents/Titanium_Studio_Workspace/Manoel Bernardes Mobile Android/build/android/bin/assets/Resources/Default.png
[TRACE] COPYING CREATED FILE: /Users/danielvilha/Documents/Titanium_Studio_Workspace/Manoel Bernardes Mobile Android/Resources/android/fonts/bodoniitalic.ttf => /Users/danielvilha/Documents/Titanium_Studio_Workspace/Manoel Bernardes Mobile Android/build/android/bin/assets/Resources/fonts/bodoniitalic.ttf
[TRACE] COPYING CREATED FILE: /Users/danielvilha/Documents/Titanium_Studio_Workspace/Manoel Bernardes Mobile Android/Resources/android/fonts/helveticaneueultralight.ttf => /Users/danielvilha/Documents/Titanium_Studio_Workspace/Manoel Bernardes Mobile Android/build/android/bin/assets/Resources/fonts/helveticaneueultralight.ttf
[TRACE] COPYING CREATED FILE: /Users/danielvilha/Documents/Titanium_Studio_Workspace/Manoel Bernardes Mobile Android/Resources/app.js => /Users/danielvilha/Documents/Titanium_Studio_Workspace/Manoel Bernardes Mobile Android/build/android/bin/assets/Resources/app.js
[TRACE] COPYING CREATED FILE: /Users/danielvilha/Documents/Titanium_Studio_Workspace/Manoel Bernardes Mobile Android/Resources/dados.txt => /Users/danielvilha/Documents/Titanium_Studio_Workspace/Manoel Bernardes Mobile Android/build/android/bin/assets/Resources/dados.txt
[TRACE] COPYING CREATED FILE: /Users/danielvilha/Documents/Titanium_Studio_Workspace/Manoel Bernardes Mobile Android/Resources/editorial.json => /Users/danielvilha/Documents/Titanium_Studio_Workspace/Manoel Bernardes Mobile Android/build/android/bin/assets/Resources/editorial.json
[TRACE] COPYING CREATED FILE: /Users/danielvilha/Documents/Titanium_Studio_Workspace/Manoel Bernardes Mobile Android/Resources/globe.png => /Users/danielvilha/Documents/Titanium_Studio_Workspace/Manoel Bernardes Mobile Android/build/android/bin/assets/Resources/globe.png
[TRACE] COPYING CREATED FILE: /Users/danielvilha/Documents/Titanium_Studio_Workspace/Manoel Bernardes Mobile Android/Resources/ittips.json => /Users/danielvilha/Documents/Titanium_Studio_Workspace/Manoel Bernardes Mobile Android/build/android/bin/assets/Resources/ittips.json
[TRACE] COPYING CREATED FILE: /Users/danielvilha/Documents/Titanium_Studio_Workspace/Manoel Bernardes Mobile Android/Resources/map.png => /Users/danielvilha/Documents/Titanium_Studio_Workspace/Manoel Bernardes Mobile Android/build/android/bin/assets/Resources/map.png
[TRACE] COPYING CREATED FILE: /Users/danielvilha/Documents/Titanium_Studio_Workspace/Manoel Bernardes Mobile Android/Resources/moda.png => /Users/danielvilha/Documents/Titanium_Studio_Workspace/Manoel Bernardes Mobile Android/build/android/bin/assets/Resources/moda.png
[TRACE] COPYING CREATED FILE: /Users/danielvilha/Documents/Titanium_Studio_Workspace/Manoel Bernardes Mobile Android/Resources/music.png => /Users/danielvilha/Documents/Titanium_Studio_Workspace/Manoel Bernardes Mobile Android/build/android/bin/assets/Resources/music.png
[TRACE] COPYING CREATED FILE: /Users/danielvilha/Documents/Titanium_Studio_Workspace/Manoel Bernardes Mobile Android/Resources/ui/common/FirstView.js => /Users/danielvilha/Documents/Titanium_Studio_Workspace/Manoel Bernardes Mobile Android/build/android/bin/assets/Resources/ui/common/FirstView.js
[TRACE] COPYING CREATED FILE: /Users/danielvilha/Documents/Titanium_Studio_Workspace/Manoel Bernardes Mobile Android/Resources/ui/handheld/android/ApplicationWindow.js => /Users/danielvilha/Documents/Titanium_Studio_Workspace/Manoel Bernardes Mobile Android/build/android/bin/assets/Resources/ui/handheld/android/ApplicationWindow.js
[TRACE] COPYING CREATED FILE: /Users/danielvilha/Documents/Titanium_Studio_Workspace/Manoel Bernardes Mobile Android/Resources/ui/handheld/ApplicationWindow.js => /Users/danielvilha/Documents/Titanium_Studio_Workspace/Manoel Bernardes Mobile Android/build/android/bin/assets/Resources/ui/handheld/ApplicationWindow.js
[TRACE] COPYING CREATED FILE: /Users/danielvilha/Documents/Titanium_Studio_Workspace/Manoel Bernardes Mobile Android/Resources/ui/tablet/ApplicationWindow.js => /Users/danielvilha/Documents/Titanium_Studio_Workspace/Manoel Bernardes Mobile Android/build/android/bin/assets/Resources/ui/tablet/ApplicationWindow.js
[TRACE] COPYING CREATED FILE: /Users/danielvilha/Documents/Titanium_Studio_Workspace/Manoel Bernardes Mobile Android/Resources/views/CidadesTable.js => /Users/danielvilha/Documents/Titanium_Studio_Workspace/Manoel Bernardes Mobile Android/build/android/bin/assets/Resources/views/CidadesTable.js
[TRACE] COPYING CREATED FILE: /Users/danielvilha/Documents/Titanium_Studio_Workspace/Manoel Bernardes Mobile Android/Resources/views/EstadosTable.js => /Users/danielvilha/Documents/Titanium_Studio_Workspace/Manoel Bernardes Mobile Android/build/android/bin/assets/Resources/views/EstadosTable.js
[TRACE] COPYING CREATED FILE: /Users/danielvilha/Documents/Titanium_Studio_Workspace/Manoel Bernardes Mobile Android/Resources/views/images/background/background.png => /Users/danielvilha/Documents/Titanium_Studio_Workspace/Manoel Bernardes Mobile Android/build/android/bin/assets/Resources/views/images/background/background.png
[TRACE] COPYING CREATED FILE: /Users/danielvilha/Documents/Titanium_Studio_Workspace/Manoel Bernardes Mobile Android/Resources/views/images/background/layer.png => /Users/danielvilha/Documents/Titanium_Studio_Workspace/Manoel Bernardes Mobile Android/build/android/bin/assets/Resources/views/images/background/layer.png
[TRACE] COPYING CREATED FILE: /Users/danielvilha/Documents/Titanium_Studio_Workspace/Manoel Bernardes Mobile Android/Resources/views/images/button/but_it1.png => /Users/danielvilha/Documents/Titanium_Studio_Workspace/Manoel Bernardes Mobile Android/build/android/bin/assets/Resources/views/images/button/but_it1.png
[TRACE] COPYING CREATED FILE: /Users/danielvilha/Documents/Titanium_Studio_Workspace/Manoel Bernardes Mobile Android/Resources/views/images/button/but_it2.png => /Users/danielvilha/Documents/Titanium_Studio_Workspace/Manoel Bernardes Mobile Android/build/android/bin/assets/Resources/views/images/button/but_it2.png
[TRACE] COPYING CREATED FILE: /Users/danielvilha/Documents/Titanium_Studio_Workspace/Manoel Bernardes Mobile Android/Resources/views/images/button/but_it3.png => /Users/danielvilha/Documents/Titanium_Studio_Workspace/Manoel Bernardes Mobile Android/build/android/bin/assets/Resources/views/images/button/but_it3.png
[TRACE] COPYING CREATED FILE: /Users/danielvilha/Documents/Titanium_Studio_Workspace/Manoel Bernardes Mobile Android/Resources/views/images/button/but_it4.png => /Users/danielvilha/Documents/Titanium_Studio_Workspace/Manoel Bernardes Mobile Android/build/android/bin/assets/Resources/views/images/button/but_it4.png
[TRACE] COPYING CREATED FILE: /Users/danielvilha/Documents/Titanium_Studio_Workspace/Manoel Bernardes Mobile Android/Resources/views/images/button/but_Less.png => /Users/danielvilha/Documents/Titanium_Studio_Workspace/Manoel Bernardes Mobile Android/build/android/bin/assets/Resources/views/images/button/but_Less.png
[TRACE] COPYING CREATED FILE: /Users/danielvilha/Documents/Titanium_Studio_Workspace/Manoel Bernardes Mobile Android/Resources/views/images/button/but_Lounge.png => /Users/danielvilha/Documents/Titanium_Studio_Workspace/Manoel Bernardes Mobile Android/build/android/bin/assets/Resources/views/images/button/but_Lounge.png
[TRACE] COPYING CREATED FILE: /Users/danielvilha/Documents/Titanium_Studio_Workspace/Manoel Bernardes Mobile Android/Resources/views/images/button/but_Lounge_sel.png => /Users/danielvilha/Documents/Titanium_Studio_Workspace/Manoel Bernardes Mobile Android/build/android/bin/assets/Resources/views/images/button/but_Lounge_sel.png
[TRACE] COPYING CREATED FILE: /Users/danielvilha/Documents/Titanium_Studio_Workspace/Manoel Bernardes Mobile Android/Resources/views/images/button/but_More.png => /Users/danielvilha/Documents/Titanium_Studio_Workspace/Manoel Bernardes Mobile Android/build/android/bin/assets/Resources/views/images/button/but_More.png
[TRACE] COPYING CREATED FILE: /Users/danielvilha/Documents/Titanium_Studio_Workspace/Manoel Bernardes Mobile Android/Resources/views/images/button/but_MPB.png => /Users/danielvilha/Documents/Titanium_Studio_Workspace/Manoel Bernardes Mobile Android/build/android/bin/assets/Resources/views/images/button/but_MPB.png
[TRACE] COPYING CREATED FILE: /Users/danielvilha/Documents/Titanium_Studio_Workspace/Manoel Bernardes Mobile Android/Resources/views/images/button/but_MPB_sel.png => /Users/danielvilha/Documents/Titanium_Studio_Workspace/Manoel Bernardes Mobile Android/build/android/bin/assets/Resources/views/images/button/but_MPB_sel.png
[TRACE] COPYING CREATED FILE: /Users/danielvilha/Documents/Titanium_Studio_Workspace/Manoel Bernardes Mobile Android/Resources/views/images/button/but_Pause.png => /Users/danielvilha/Documents/Titanium_Studio_Workspace/Manoel Bernardes Mobile Android/build/android/bin/assets/Resources/views/images/button/but_Pause.png
[TRACE] COPYING CREATED FILE: /Users/danielvilha/Documents/Titanium_Studio_Workspace/Manoel Bernardes Mobile Android/Resources/views/images/button/but_Play.png => /Users/danielvilha/Documents/Titanium_Studio_Workspace/Manoel Bernardes Mobile Android/build/android/bin/assets/Resources/views/images/button/but_Play.png
[TRACE] COPYING CREATED FILE: /Users/danielvilha/Documents/Titanium_Studio_Workspace/Manoel Bernardes Mobile Android/Resources/views/images/button/but_POP.png => /Users/danielvilha/Documents/Titanium_Studio_Workspace/Manoel Bernardes Mobile Android/build/android/bin/assets/Resources/views/images/button/but_POP.png
[TRACE] COPYING CREATED FILE: /Users/danielvilha/Documents/Titanium_Studio_Workspace/Manoel Bernardes Mobile Android/Resources/views/images/button/but_POP_sel.png => /Users/danielvilha/Documents/Titanium_Studio_Workspace/Manoel Bernardes Mobile Android/build/android/bin/assets/Resources/views/images/button/but_POP_sel.png
[TRACE] COPYING CREATED FILE: /Users/danielvilha/Documents/Titanium_Studio_Workspace/Manoel Bernardes Mobile Android/Resources/views/images/button/but_Rock.png => /Users/danielvilha/Documents/Titanium_Studio_Workspace/Manoel Bernardes Mobile Android/build/android/bin/assets/Resources/views/images/button/but_Rock.png
[TRACE] COPYING CREATED FILE: /Users/danielvilha/Documents/Titanium_Studio_Workspace/Manoel Bernardes Mobile Android/Resources/views/images/button/but_Rock_sel.png => /Users/danielvilha/Documents/Titanium_Studio_Workspace/Manoel Bernardes Mobile Android/build/android/bin/assets/Resources/views/images/button/but_Rock_sel.png
[TRACE] COPYING CREATED FILE: /Users/danielvilha/Documents/Titanium_Studio_Workspace/Manoel Bernardes Mobile Android/Resources/views/images/button/but_url.png => /Users/danielvilha/Documents/Titanium_Studio_Workspace/Manoel Bernardes Mobile Android/build/android/bin/assets/Resources/views/images/button/but_url.png
[TRACE] COPYING CREATED FILE: /Users/danielvilha/Documents/Titanium_Studio_Workspace/Manoel Bernardes Mobile Android/Resources/views/images/button/button_map.png => /Users/danielvilha/Documents/Titanium_Studio_Workspace/Manoel Bernardes Mobile Android/build/android/bin/assets/Resources/views/images/button/button_map.png
[TRACE] COPYING CREATED FILE: /Users/danielvilha/Documents/Titanium_Studio_Workspace/Manoel Bernardes Mobile Android/Resources/views/images/ittips/bambu_Mobile.jpg => /Users/danielvilha/Documents/Titanium_Studio_Workspace/Manoel Bernardes Mobile Android/build/android/bin/assets/Resources/views/images/ittips/bambu_Mobile.jpg
[TRACE] COPYING CREATED FILE: /Users/danielvilha/Documents/Titanium_Studio_Workspace/Manoel Bernardes Mobile Android/Resources/views/images/ittips/fachada-nova_grande.jpg => /Users/danielvilha/Documents/Titanium_Studio_Workspace/Manoel Bernardes Mobile Android/build/android/bin/assets/Resources/views/images/ittips/fachada-nova_grande.jpg
[TRACE] COPYING CREATED FILE: /Users/danielvilha/Documents/Titanium_Studio_Workspace/Manoel Bernardes Mobile Android/Resources/views/images/ittips/Foto-Sergio-Louruz.jpg => /Users/danielvilha/Documents/Titanium_Studio_Workspace/Manoel Bernardes Mobile Android/build/android/bin/assets/Resources/views/images/ittips/Foto-Sergio-Louruz.jpg
[TRACE] COPYING CREATED FILE: /Users/danielvilha/Documents/Titanium_Studio_Workspace/Manoel Bernardes Mobile Android/Resources/views/images/ittips/Grifoni.jpg => /Users/danielvilha/Documents/Titanium_Studio_Workspace/Manoel Bernardes Mobile Android/build/android/bin/assets/Resources/views/images/ittips/Grifoni.jpg
[TRACE] COPYING CREATED FILE: /Users/danielvilha/Documents/Titanium_Studio_Workspace/Manoel Bernardes Mobile Android/Resources/views/images/ittips/laromate_Mobile.jpg => /Users/danielvilha/Documents/Titanium_Studio_Workspace/Manoel Bernardes Mobile Android/build/android/bin/assets/Resources/views/images/ittips/laromate_Mobile.jpg
[TRACE] COPYING CREATED FILE: /Users/danielvilha/Documents/Titanium_Studio_Workspace/Manoel Bernardes Mobile Android/Resources/views/images/ittips/Lungarno_Mobile.jpg => /Users/danielvilha/Documents/Titanium_Studio_Workspace/Manoel Bernardes Mobile Android/build/android/bin/assets/Resources/views/images/ittips/Lungarno_Mobile.jpg
[TRACE] COPYING CREATED FILE: /Users/danielvilha/Documents/Titanium_Studio_Workspace/Manoel Bernardes Mobile Android/Resources/views/images/ittips/opera_Mobile.jpg => /Users/danielvilha/Documents/Titanium_Studio_Workspace/Manoel Bernardes Mobile Android/build/android/bin/assets/Resources/views/images/ittips/opera_Mobile.jpg
[TRACE] COPYING CREATED FILE: /Users/danielvilha/Documents/Titanium_Studio_Workspace/Manoel Bernardes Mobile Android/Resources/views/images/ittips/Palagio_Mobile.jpg => /Users/danielvilha/Documents/Titanium_Studio_Workspace/Manoel Bernardes Mobile Android/build/android/bin/assets/Resources/views/images/ittips/Palagio_Mobile.jpg
[TRACE] COPYING CREATED FILE: /Users/danielvilha/Documents/Titanium_Studio_Workspace/Manoel Bernardes Mobile Android/Resources/views/images/ittips/parque_Mobile.jpg => /Users/danielvilha/Documents/Titanium_Studio_Workspace/Manoel Bernardes Mobile Android/build/android/bin/assets/Resources/views/images/ittips/parque_Mobile.jpg
[TRACE] COPYING CREATED FILE: /Users/danielvilha/Documents/Titanium_Studio_Workspace/Manoel Bernardes Mobile Android/Resources/views/images/ittips/pingala_Mobile.jpg => /Users/danielvilha/Documents/Titanium_Studio_Workspace/Manoel Bernardes Mobile Android/build/android/bin/assets/Resources/views/images/ittips/pingala_Mobile.jpg
[TRACE] COPYING CREATED FILE: /Users/danielvilha/Documents/Titanium_Studio_Workspace/Manoel Bernardes Mobile Android/Resources/views/images/ittips/teatro_Mobile.jpg => /Users/danielvilha/Documents/Titanium_Studio_Workspace/Manoel Bernardes Mobile Android/build/android/bin/assets/Resources/views/images/ittips/teatro_Mobile.jpg
[TRACE] COPYING CREATED FILE: /Users/danielvilha/Documents/Titanium_Studio_Workspace/Manoel Bernardes Mobile Android/Resources/views/images/ittips/wine&bar.jpg => /Users/danielvilha/Documents/Titanium_Studio_Workspace/Manoel Bernardes Mobile Android/build/android/bin/assets/Resources/views/images/ittips/wine&bar.jpg
[TRACE] COPYING CREATED FILE: /Users/danielvilha/Documents/Titanium_Studio_Workspace/Manoel Bernardes Mobile Android/Resources/views/images/joias/00.jpg => /Users/danielvilha/Documents/Titanium_Studio_Workspace/Manoel Bernardes Mobile Android/build/android/bin/assets/Resources/views/images/joias/00.jpg
[TRACE] COPYING CREATED FILE: /Users/danielvilha/Documents/Titanium_Studio_Workspace/Manoel Bernardes Mobile Android/Resources/views/images/joias/01.jpg => /Users/danielvilha/Documents/Titanium_Studio_Workspace/Manoel Bernardes Mobile Android/build/android/bin/assets/Resources/views/images/joias/01.jpg
[TRACE] COPYING CREATED FILE: /Users/danielvilha/Documents/Titanium_Studio_Workspace/Manoel Bernardes Mobile Android/Resources/views/images/joias/02.jpg => /Users/danielvilha/Documents/Titanium_Studio_Workspace/Manoel Bernardes Mobile Android/build/android/bin/assets/Resources/views/images/joias/02.jpg
[TRACE] COPYING CREATED FILE: /Users/danielvilha/Documents/Titanium_Studio_Workspace/Manoel Bernardes Mobile Android/Resources/views/images/joias/03.jpg => /Users/danielvilha/Documents/Titanium_Studio_Workspace/Manoel Bernardes Mobile Android/build/android/bin/assets/Resources/views/images/joias/03.jpg
[TRACE] COPYING CREATED FILE: /Users/danielvilha/Documents/Titanium_Studio_Workspace/Manoel Bernardes Mobile Android/Resources/views/images/joias/04.jpg => /Users/danielvilha/Documents/Titanium_Studio_Workspace/Manoel Bernardes Mobile Android/build/android/bin/assets/Resources/views/images/joias/04.jpg
[TRACE] COPYING CREATED FILE: /Users/danielvilha/Documents/Titanium_Studio_Workspace/Manoel Bernardes Mobile Android/Resources/views/images/joias/05.jpg => /Users/danielvilha/Documents/Titanium_Studio_Workspace/Manoel Bernardes Mobile Android/build/android/bin/assets/Resources/views/images/joias/05.jpg
[TRACE] COPYING CREATED FILE: /Users/danielvilha/Documents/Titanium_Studio_Workspace/Manoel Bernardes Mobile Android/Resources/views/images/joias/06.jpg => /Users/danielvilha/Documents/Titanium_Studio_Workspace/Manoel Bernardes Mobile Android/build/android/bin/assets/Resources/views/images/joias/06.jpg
[TRACE] COPYING CREATED FILE: /Users/danielvilha/Documents/Titanium_Studio_Workspace/Manoel Bernardes Mobile Android/Resources/views/images/joias/07.jpg => /Users/danielvilha/Documents/Titanium_Studio_Workspace/Manoel Bernardes Mobile Android/build/android/bin/assets/Resources/views/images/joias/07.jpg
[TRACE] COPYING CREATED FILE: /Users/danielvilha/Documents/Titanium_Studio_Workspace/Manoel Bernardes Mobile Android/Resources/views/images/joias/08.jpg => /Users/danielvilha/Documents/Titanium_Studio_Workspace/Manoel Bernardes Mobile Android/build/android/bin/assets/Resources/views/images/joias/08.jpg
[TRACE] COPYING CREATED FILE: /Users/danielvilha/Documents/Titanium_Studio_Workspace/Manoel Bernardes Mobile Android/Resources/views/images/joias/09.jpg => /Users/danielvilha/Documents/Titanium_Studio_Workspace/Manoel Bernardes Mobile Android/build/android/bin/assets/Resources/views/images/joias/09.jpg
[TRACE] COPYING CREATED FILE: /Users/danielvilha/Documents/Titanium_Studio_Workspace/Manoel Bernardes Mobile Android/Resources/views/images/joias/10.jpg => /Users/danielvilha/Documents/Titanium_Studio_Workspace/Manoel Bernardes Mobile Android/build/android/bin/assets/Resources/views/images/joias/10.jpg
[TRACE] COPYING CREATED FILE: /Users/danielvilha/Documents/Titanium_Studio_Workspace/Manoel Bernardes Mobile Android/Resources/views/images/joias/11.jpg => /Users/danielvilha/Documents/Titanium_Studio_Workspace/Manoel Bernardes Mobile Android/build/android/bin/assets/Resources/views/images/joias/11.jpg
[TRACE] COPYING CREATED FILE: /Users/danielvilha/Documents/Titanium_Studio_Workspace/Manoel Bernardes Mobile Android/Resources/views/images/joias/12.jpg => /Users/danielvilha/Documents/Titanium_Studio_Workspace/Manoel Bernardes Mobile Android/build/android/bin/assets/Resources/views/images/joias/12.jpg
[TRACE] COPYING CREATED FILE: /Users/danielvilha/Documents/Titanium_Studio_Workspace/Manoel Bernardes Mobile Android/Resources/views/images/joias/13.jpg => /Users/danielvilha/Documents/Titanium_Studio_Workspace/Manoel Bernardes Mobile Android/build/android/bin/assets/Resources/views/images/joias/13.jpg
[TRACE] COPYING CREATED FILE: /Users/danielvilha/Documents/Titanium_Studio_Workspace/Manoel Bernardes Mobile Android/Resources/views/images/Vitrine.jpg => /Users/danielvilha/Documents/Titanium_Studio_Workspace/Manoel Bernardes Mobile Android/build/android/bin/assets/Resources/views/images/Vitrine.jpg
[TRACE] COPYING CREATED FILE: /Users/danielvilha/Documents/Titanium_Studio_Workspace/Manoel Bernardes Mobile Android/Resources/views/itTips.js => /Users/danielvilha/Documents/Titanium_Studio_Workspace/Manoel Bernardes Mobile Android/build/android/bin/assets/Resources/views/itTips.js
[TRACE] COPYING CREATED FILE: /Users/danielvilha/Documents/Titanium_Studio_Workspace/Manoel Bernardes Mobile Android/Resources/views/LojaInfo.js => /Users/danielvilha/Documents/Titanium_Studio_Workspace/Manoel Bernardes Mobile Android/build/android/bin/assets/Resources/views/LojaInfo.js
[TRACE] COPYING CREATED FILE: /Users/danielvilha/Documents/Titanium_Studio_Workspace/Manoel Bernardes Mobile Android/Resources/views/LojaMapa.js => /Users/danielvilha/Documents/Titanium_Studio_Workspace/Manoel Bernardes Mobile Android/build/android/bin/assets/Resources/views/LojaMapa.js
[TRACE] COPYING CREATED FILE: /Users/danielvilha/Documents/Titanium_Studio_Workspace/Manoel Bernardes Mobile Android/Resources/views/LojasMapa.js => /Users/danielvilha/Documents/Titanium_Studio_Workspace/Manoel Bernardes Mobile Android/build/android/bin/assets/Resources/views/LojasMapa.js
[TRACE] COPYING CREATED FILE: /Users/danielvilha/Documents/Titanium_Studio_Workspace/Manoel Bernardes Mobile Android/Resources/views/LojasTable.js => /Users/danielvilha/Documents/Titanium_Studio_Workspace/Manoel Bernardes Mobile Android/build/android/bin/assets/Resources/views/LojasTable.js
[TRACE] COPYING CREATED FILE: /Users/danielvilha/Documents/Titanium_Studio_Workspace/Manoel Bernardes Mobile Android/Resources/views/winItTips.js => /Users/danielvilha/Documents/Titanium_Studio_Workspace/Manoel Bernardes Mobile Android/build/android/bin/assets/Resources/views/winItTips.js
[TRACE] COPYING CREATED FILE: /Users/danielvilha/Documents/Titanium_Studio_Workspace/Manoel Bernardes Mobile Android/Resources/views/winMapas.js => /Users/danielvilha/Documents/Titanium_Studio_Workspace/Manoel Bernardes Mobile Android/build/android/bin/assets/Resources/views/winMapas.js
[TRACE] COPYING CREATED FILE: /Users/danielvilha/Documents/Titanium_Studio_Workspace/Manoel Bernardes Mobile Android/Resources/views/winModa.js => /Users/danielvilha/Documents/Titanium_Studio_Workspace/Manoel Bernardes Mobile Android/build/android/bin/assets/Resources/views/winModa.js
[TRACE] COPYING CREATED FILE: /Users/danielvilha/Documents/Titanium_Studio_Workspace/Manoel Bernardes Mobile Android/Resources/views/winRadio.js => /Users/danielvilha/Documents/Titanium_Studio_Workspace/Manoel Bernardes Mobile Android/build/android/bin/assets/Resources/views/winRadio.js
[TRACE] COPYING CREATED FILE: /Users/danielvilha/Documents/Titanium_Studio_Workspace/Manoel Bernardes Mobile Android/Resources/views/winVitrine.js => /Users/danielvilha/Documents/Titanium_Studio_Workspace/Manoel Bernardes Mobile Android/build/android/bin/assets/Resources/views/winVitrine.js
[TRACE] COPYING CREATED FILE: /Users/danielvilha/Documents/Titanium_Studio_Workspace/Manoel Bernardes Mobile Android/Resources/vitrine.png => /Users/danielvilha/Documents/Titanium_Studio_Workspace/Manoel Bernardes Mobile Android/build/android/bin/assets/Resources/vitrine.png
[DEBUG] LiveView not enabled
[TRACE] Generating Java Classes
[DEBUG] Processing Android resource drawables
[DEBUG] app stylesheet => /Users/danielvilha/Documents/Titanium_Studio_Workspace/Manoel Bernardes Mobile Android/build/android/gen/com/megamidia/RadioManoelBernardesAndroid/ApplicationStylesheet.java
[DEBUG] copying app icon: /Users/danielvilha/Documents/Titanium_Studio_Workspace/Manoel Bernardes Mobile Android/build/android/bin/assets/Resources/appicon.png
[DEBUG] generating theme.xml
[DEBUG] found drawable-long-port-hdpi splash screen at /Users/danielvilha/Documents/Titanium_Studio_Workspace/Manoel Bernardes Mobile Android/Resources/android/images/res-long-port-hdpi/default.png
[DEBUG] copying /Users/danielvilha/Documents/Titanium_Studio_Workspace/Manoel Bernardes Mobile Android/Resources/android/images/res-long-port-hdpi/default.png splash screen to /Users/danielvilha/Documents/Titanium_Studio_Workspace/Manoel Bernardes Mobile Android/build/android/res/drawable-long-port-hdpi/background.png
[DEBUG] found drawable-long-port-ldpi splash screen at /Users/danielvilha/Documents/Titanium_Studio_Workspace/Manoel Bernardes Mobile Android/Resources/android/images/res-long-port-ldpi/default.png
[DEBUG] copying /Users/danielvilha/Documents/Titanium_Studio_Workspace/Manoel Bernardes Mobile Android/Resources/android/images/res-long-port-ldpi/default.png splash screen to /Users/danielvilha/Documents/Titanium_Studio_Workspace/Manoel Bernardes Mobile Android/build/android/res/drawable-long-port-ldpi/background.png
[DEBUG] found drawable-notlong-port-hdpi splash screen at /Users/danielvilha/Documents/Titanium_Studio_Workspace/Manoel Bernardes Mobile Android/Resources/android/images/res-notlong-port-hdpi/default.png
[DEBUG] copying /Users/danielvilha/Documents/Titanium_Studio_Workspace/Manoel Bernardes Mobile Android/Resources/android/images/res-notlong-port-hdpi/default.png splash screen to /Users/danielvilha/Documents/Titanium_Studio_Workspace/Manoel Bernardes Mobile Android/build/android/res/drawable-notlong-port-hdpi/background.png
[DEBUG] found drawable-notlong-port-ldpi splash screen at /Users/danielvilha/Documents/Titanium_Studio_Workspace/Manoel Bernardes Mobile Android/Resources/android/images/res-notlong-port-ldpi/default.png
[DEBUG] copying /Users/danielvilha/Documents/Titanium_Studio_Workspace/Manoel Bernardes Mobile Android/Resources/android/images/res-notlong-port-ldpi/default.png splash screen to /Users/danielvilha/Documents/Titanium_Studio_Workspace/Manoel Bernardes Mobile Android/build/android/res/drawable-notlong-port-ldpi/background.png
[DEBUG] found drawable-notlong-port-mdpi splash screen at /Users/danielvilha/Documents/Titanium_Studio_Workspace/Manoel Bernardes Mobile Android/Resources/android/images/res-notlong-port-mdpi/default.png
[DEBUG] copying /Users/danielvilha/Documents/Titanium_Studio_Workspace/Manoel Bernardes Mobile Android/Resources/android/images/res-notlong-port-mdpi/default.png splash screen to /Users/danielvilha/Documents/Titanium_Studio_Workspace/Manoel Bernardes Mobile Android/build/android/res/drawable-notlong-port-mdpi/background.png
[DEBUG] found splash screen at /Users/danielvilha/Documents/Titanium_Studio_Workspace/Manoel Bernardes Mobile Android/build/android/bin/assets/Resources/default.png
[TRACE] Writing out AndroidManifest.xml
[DEBUG] adding /Users/danielvilha/Documents/Titanium_Studio_Workspace/Manoel Bernardes Mobile Android/build/android/gen/com/megamidia/RadioManoelBernardesAndroid/ApplicationStylesheet.java to javac build list
[DEBUG] adding /Users/danielvilha/Documents/Titanium_Studio_Workspace/Manoel Bernardes Mobile Android/build/android/gen/com/megamidia/RadioManoelBernardesAndroid/ManoelBernardesMobileActivity.java to javac build list
[DEBUG] adding /Users/danielvilha/Documents/Titanium_Studio_Workspace/Manoel Bernardes Mobile Android/build/android/gen/com/megamidia/RadioManoelBernardesAndroid/ManoelBernardesMobileAppInfo.java to javac build list
[DEBUG] adding /Users/danielvilha/Documents/Titanium_Studio_Workspace/Manoel Bernardes Mobile Android/build/android/gen/com/megamidia/RadioManoelBernardesAndroid/ManoelBernardesMobileApplication.java to javac build list
[DEBUG] adding /Users/danielvilha/Documents/Titanium_Studio_Workspace/Manoel Bernardes Mobile Android/build/android/gen/com/megamidia/RadioManoelBernardesAndroid/R.java to javac build list
[DEBUG] Building Java Sources: "/Users/danielvilha/Documents/Titanium_Studio_Workspace/Manoel Bernardes Mobile Android/build/android/gen/com/megamidia/RadioManoelBernardesAndroid/ApplicationStylesheet.java" "/Users/danielvilha/Documents/Titanium_Studio_Workspace/Manoel Bernardes Mobile Android/build/android/gen/com/megamidia/RadioManoelBernardesAndroid/ManoelBernardesMobileActivity.java" "/Users/danielvilha/Documents/Titanium_Studio_Workspace/Manoel Bernardes Mobile Android/build/android/gen/com/megamidia/RadioManoelBernardesAndroid/ManoelBernardesMobileAppInfo.java" "/Users/danielvilha/Documents/Titanium_Studio_Workspace/Manoel Bernardes Mobile Android/build/android/gen/com/megamidia/RadioManoelBernardesAndroid/ManoelBernardesMobileApplication.java" "/Users/danielvilha/Documents/Titanium_Studio_Workspace/Manoel Bernardes Mobile Android/build/android/gen/com/megamidia/RadioManoelBernardesAndroid/R.java"
[INFO] Compiling Android Resources... This could take some time
[DEBUG] Android classes.dex built
[DEBUG] creating unsigned apk: /Users/danielvilha/Documents/Titanium_Studio_Workspace/Manoel Bernardes Mobile Android/build/android/bin/app-unsigned.apk
[DEBUG] from resource zip => assets/Resources/fonts/bodoniitalic.ttf
[DEBUG] from resource zip => assets/Resources/fonts/helveticaneueultralight.ttf
[DEBUG] from resource zip => assets/Resources/ui/common/FirstView.js
[DEBUG] from resource zip => assets/Resources/ui/handheld/android/ApplicationWindow.js
[DEBUG] from resource zip => assets/Resources/ui/handheld/ApplicationWindow.js
[DEBUG] from resource zip => assets/Resources/ui/tablet/ApplicationWindow.js
[DEBUG] from resource zip => assets/Resources/views/images/background/background.png
[DEBUG] from resource zip => assets/Resources/views/images/background/layer.png
[DEBUG] from resource zip => assets/Resources/views/images/button/but_Less.png
[DEBUG] from resource zip => assets/Resources/views/images/button/but_Lounge.png
[DEBUG] from resource zip => assets/Resources/views/images/button/but_Lounge_sel.png
[DEBUG] from resource zip => assets/Resources/views/images/button/but_MPB.png
[DEBUG] from resource zip => assets/Resources/views/images/button/but_MPB_sel.png
[DEBUG] from resource zip => assets/Resources/views/images/button/but_More.png
[DEBUG] from resource zip => assets/Resources/views/images/button/but_POP.png
[DEBUG] from resource zip => assets/Resources/views/images/button/but_POP_sel.png
[DEBUG] from resource zip => assets/Resources/views/images/button/but_Pause.png
[DEBUG] from resource zip => assets/Resources/views/images/button/but_Play.png
[DEBUG] from resource zip => assets/Resources/views/images/button/but_Rock.png
[DEBUG] from resource zip => assets/Resources/views/images/button/but_Rock_sel.png
[DEBUG] from resource zip => assets/Resources/views/images/button/but_it1.png
[DEBUG] from resource zip => assets/Resources/views/images/button/but_it2.png
[DEBUG] from resource zip => assets/Resources/views/images/button/but_it3.png
[DEBUG] from resource zip => assets/Resources/views/images/button/but_it4.png
[DEBUG] from resource zip => assets/Resources/views/images/button/but_url.png
[DEBUG] from resource zip => assets/Resources/views/images/button/button_map.png
[DEBUG] from resource zip => assets/Resources/views/images/ittips/Foto-Sergio-Louruz.jpg
[DEBUG] from resource zip => assets/Resources/views/images/ittips/Grifoni.jpg
[DEBUG] from resource zip => assets/Resources/views/images/ittips/Lungarno_Mobile.jpg
[DEBUG] from resource zip => assets/Resources/views/images/ittips/Palagio_Mobile.jpg
[DEBUG] from resource zip => assets/Resources/views/images/ittips/bambu_Mobile.jpg
[DEBUG] from resource zip => assets/Resources/views/images/ittips/fachada-nova_grande.jpg
[DEBUG] from resource zip => assets/Resources/views/images/ittips/laromate_Mobile.jpg
[DEBUG] from resource zip => assets/Resources/views/images/ittips/opera_Mobile.jpg
[DEBUG] from resource zip => assets/Resources/views/images/ittips/parque_Mobile.jpg
[DEBUG] from resource zip => assets/Resources/views/images/ittips/pingala_Mobile.jpg
[DEBUG] from resource zip => assets/Resources/views/images/ittips/teatro_Mobile.jpg
[DEBUG] from resource zip => assets/Resources/views/images/ittips/wine&bar.jpg
[DEBUG] from resource zip => assets/Resources/views/images/joias/00.jpg
[DEBUG] from resource zip => assets/Resources/views/images/joias/01.jpg
[DEBUG] from resource zip => assets/Resources/views/images/joias/02.jpg
[DEBUG] from resource zip => assets/Resources/views/images/joias/03.jpg
[DEBUG] from resource zip => assets/Resources/views/images/joias/04.jpg
[DEBUG] from resource zip => assets/Resources/views/images/joias/05.jpg
[DEBUG] from resource zip => assets/Resources/views/images/joias/06.jpg
[DEBUG] from resource zip => assets/Resources/views/images/joias/07.jpg
[DEBUG] from resource zip => assets/Resources/views/images/joias/08.jpg
[DEBUG] from resource zip => assets/Resources/views/images/joias/09.jpg
[DEBUG] from resource zip => assets/Resources/views/images/joias/10.jpg
[DEBUG] from resource zip => assets/Resources/views/images/joias/11.jpg
[DEBUG] from resource zip => assets/Resources/views/images/joias/12.jpg
[DEBUG] from resource zip => assets/Resources/views/images/joias/13.jpg
[DEBUG] from resource zip => assets/Resources/views/images/Vitrine.jpg
[DEBUG] from resource zip => assets/Resources/views/CidadesTable.js
[DEBUG] from resource zip => assets/Resources/views/EstadosTable.js
[DEBUG] from resource zip => assets/Resources/views/LojaInfo.js
[DEBUG] from resource zip => assets/Resources/views/LojaMapa.js
[DEBUG] from resource zip => assets/Resources/views/LojasMapa.js
[DEBUG] from resource zip => assets/Resources/views/LojasTable.js
[DEBUG] from resource zip => assets/Resources/views/itTips.js
[DEBUG] from resource zip => assets/Resources/views/winItTips.js
[DEBUG] from resource zip => assets/Resources/views/winMapas.js
[DEBUG] from resource zip => assets/Resources/views/winModa.js
[DEBUG] from resource zip => assets/Resources/views/winRadio.js
[DEBUG] from resource zip => assets/Resources/views/winVitrine.js
[DEBUG] from resource zip => assets/Resources/Default.png
[DEBUG] from resource zip => assets/Resources/app.js
[DEBUG] from resource zip => assets/Resources/appicon.png
[DEBUG] from resource zip => assets/Resources/dados.txt
[DEBUG] from resource zip => assets/Resources/editorial.json
[DEBUG] from resource zip => assets/Resources/globe.png
[DEBUG] from resource zip => assets/Resources/ittips.json
[DEBUG] from resource zip => assets/Resources/map.png
[DEBUG] from resource zip => assets/Resources/moda.png
[DEBUG] from resource zip => assets/Resources/music.png
[DEBUG] from resource zip => assets/Resources/vitrine.png
[DEBUG] from resource zip => assets/app.json
[DEBUG] from resource zip => assets/index.json
[DEBUG] from resource zip => assets/tiapp.xml
[DEBUG] from resource zip => res/drawable/appicon.png
[DEBUG] from resource zip => res/drawable/background.png
[DEBUG] from resource zip => res/drawable/btn_check_buttonless_on_64.png
[DEBUG] from resource zip => res/drawable/btn_more_64.png
[DEBUG] from resource zip => res/drawable/disclosure_64.png
[DEBUG] from resource zip => res/layout/titanium_tabgroup.xml
[DEBUG] from resource zip => res/layout/titanium_ui_list_header_or_footer.xml
[DEBUG] from resource zip => res/layout/titanium_ui_list_item.xml
[DEBUG] from resource zip => AndroidManifest.xml
[DEBUG] from resource zip => resources.arsc
[DEBUG] from resource zip => res/drawable-long-port-hdpi/background.png
[DEBUG] from resource zip => res/drawable-long-port-ldpi/background.png
[DEBUG] from resource zip => res/drawable-notlong-port-hdpi/background.png
[DEBUG] from resource zip => res/drawable-notlong-port-ldpi/background.png
[DEBUG] from resource zip => res/drawable-notlong-port-mdpi/background.png
[DEBUG] from JAR /Users/danielvilha/Library/Application Support/Titanium/mobilesdk/osx/3.1.0.GA/android/titanium.jar => org/appcelerator/titanium/build.properties
[DEBUG] from JAR /Users/danielvilha/Library/Application Support/Titanium/mobilesdk/osx/3.1.0.GA/android/titanium.jar => org/appcelerator/titanium/res/drawable/background.png
[DEBUG] from JAR /Users/danielvilha/Library/Application Support/Titanium/mobilesdk/osx/3.1.0.GA/android/titanium.jar => org/appcelerator/titanium/res/drawable/btn_check_buttonless_on.png
[DEBUG] from JAR /Users/danielvilha/Library/Application Support/Titanium/mobilesdk/osx/3.1.0.GA/android/titanium.jar => org/appcelerator/titanium/res/drawable/btn_check_buttonless_on_18.png
[DEBUG] from JAR /Users/danielvilha/Library/Application Support/Titanium/mobilesdk/osx/3.1.0.GA/android/titanium.jar => org/appcelerator/titanium/res/drawable/btn_check_buttonless_on_48.png
[DEBUG] from JAR /Users/danielvilha/Library/Application Support/Titanium/mobilesdk/osx/3.1.0.GA/android/titanium.jar => org/appcelerator/titanium/res/drawable/btn_check_buttonless_on_64.png
[DEBUG] from JAR /Users/danielvilha/Library/Application Support/Titanium/mobilesdk/osx/3.1.0.GA/android/titanium.jar => org/appcelerator/titanium/res/drawable/btn_more.png
[DEBUG] from JAR /Users/danielvilha/Library/Application Support/Titanium/mobilesdk/osx/3.1.0.GA/android/titanium.jar => org/appcelerator/titanium/res/drawable/btn_more_18.png
[DEBUG] from JAR /Users/danielvilha/Library/Application Support/Titanium/mobilesdk/osx/3.1.0.GA/android/titanium.jar => org/appcelerator/titanium/res/drawable/btn_more_48.png
[DEBUG] from JAR /Users/danielvilha/Library/Application Support/Titanium/mobilesdk/osx/3.1.0.GA/android/titanium.jar => org/appcelerator/titanium/res/drawable/btn_more_64.png
[DEBUG] from JAR /Users/danielvilha/Library/Application Support/Titanium/mobilesdk/osx/3.1.0.GA/android/titanium.jar => org/appcelerator/titanium/res/drawable/btn_picker_normal.9.png
[DEBUG] from JAR /Users/danielvilha/Library/Application Support/Titanium/mobilesdk/osx/3.1.0.GA/android/titanium.jar => org/appcelerator/titanium/res/drawable/btn_picker_pressed.9.png
[DEBUG] from JAR /Users/danielvilha/Library/Application Support/Titanium/mobilesdk/osx/3.1.0.GA/android/titanium.jar => org/appcelerator/titanium/res/drawable/btn_picker_selected.9.png
[DEBUG] from JAR /Users/danielvilha/Library/Application Support/Titanium/mobilesdk/osx/3.1.0.GA/android/titanium.jar => org/appcelerator/titanium/res/drawable/default_icon.png
[DEBUG] from JAR /Users/danielvilha/Library/Application Support/Titanium/mobilesdk/osx/3.1.0.GA/android/titanium.jar => org/appcelerator/titanium/res/drawable/photoDefault.png
[DEBUG] from JAR /Users/danielvilha/Library/Application Support/Titanium/mobilesdk/osx/3.1.0.GA/android/thirdparty.jar => org/apache/Commons-NOTICE.txt
[DEBUG] from JAR /Users/danielvilha/Library/Application Support/Titanium/mobilesdk/osx/3.1.0.GA/android/thirdparty.jar => org/apache/HttpComponents-NOTICE.txt
[DEBUG] from JAR /Users/danielvilha/Library/Application Support/Titanium/mobilesdk/osx/3.1.0.GA/android/thirdparty.jar => org/apache/mime4j-NOTICE.txt
[DEBUG] from JAR /Users/danielvilha/Library/Application Support/Titanium/mobilesdk/osx/3.1.0.GA/android/modules/titanium-ui.jar => ti/modules/titanium/ui/widget/webview/binding.js
[DEBUG] from JAR /Users/danielvilha/Library/Application Support/Titanium/mobilesdk/osx/3.1.0.GA/android/modules/titanium-ui.jar => ti/modules/titanium/ui/widget/webview/binding.min.js
[DEBUG] from JAR /Users/danielvilha/Library/Application Support/Titanium/mobilesdk/osx/3.1.0.GA/android/modules/titanium-ui.jar => ti/modules/titanium/ui/widget/webview/json2.js
[DEBUG] from JAR /Users/danielvilha/Library/Application Support/Titanium/mobilesdk/osx/3.1.0.GA/android/modules/titanium-ui.jar => ti/modules/titanium/ui/widget/webview/polling.js
[DEBUG] from JAR /Users/danielvilha/Library/Application Support/Titanium/mobilesdk/osx/3.1.0.GA/android/modules/titanium-ui.jar => ti/modules/titanium/ui/widget/webview/polling.min.js
[DEBUG] installing native SDK libs
[DEBUG] Waiting for device to be ready ...
[TRACE] adb devices returned 1 devices/emulators
[DEBUG] Device connected... (waited 0 seconds)
[DEBUG] waited 0.015165 seconds on emulator to get ready
[INFO] Installing application on device
[INFO] Application installed. Launch from drawer on Home Screen
